<?xml version="1.0" encoding="UTF-8"?>
<testng-results skipped="0" failed="0" ignored="0" total="1" passed="1">
  <reporter-output>
  </reporter-output>
  <suite name="Default suite" duration-ms="9645" started-at="2019-01-08T07:26:09Z" finished-at="2019-01-08T07:26:18Z">
    <groups>
    </groups>
    <test name="Default test" duration-ms="9645" started-at="2019-01-08T07:26:09Z" finished-at="2019-01-08T07:26:18Z">
      <class name="Demo.FirstDemoSelenium">
        <test-method status="PASS" signature="setup()[pri:0, instance:Demo.FirstDemoSelenium@224edc67]" name="setup" is-config="true" duration-ms="9360" started-at="2019-01-08T07:26:09Z" finished-at="2019-01-08T07:26:18Z">
          <reporter-output>
          </reporter-output>
        </test-method> <!-- setup -->
        <test-method status="PASS" signature="testSearch()[pri:0, instance:Demo.FirstDemoSelenium@224edc67]" name="testSearch" duration-ms="240" started-at="2019-01-08T07:26:18Z" finished-at="2019-01-08T07:26:18Z">
          <reporter-output>
          </reporter-output>
        </test-method> <!-- testSearch -->
        <test-method status="PASS" signature="teardown()[pri:0, instance:Demo.FirstDemoSelenium@224edc67]" name="teardown" is-config="true" duration-ms="0" started-at="2019-01-08T07:26:18Z" finished-at="2019-01-08T07:26:18Z">
          <reporter-output>
          </reporter-output>
        </test-method> <!-- teardown -->
      </class> <!-- Demo.FirstDemoSelenium -->
    </test> <!-- Default test -->
  </suite> <!-- Default suite -->
</testng-results>
